model params: 792,430
epoch   1  train_L1=0.6561  val_RMSE_mean=0.7165  *  patience=0/15
epoch   2  train_L1=0.4821  val_RMSE_mean=0.6924  *  patience=0/15
epoch   3  train_L1=0.4785  val_RMSE_mean=0.6937     patience=1/15
epoch   4  train_L1=0.4759  val_RMSE_mean=0.6909  *  patience=0/15
epoch   5  train_L1=0.4731  val_RMSE_mean=0.6828  *  patience=0/15
epoch   6  train_L1=0.4699  val_RMSE_mean=0.6856     patience=1/15
epoch   7  train_L1=0.4661  val_RMSE_mean=0.6742  *  patience=0/15
epoch   8  train_L1=0.4607  val_RMSE_mean=0.6770     patience=1/15
epoch   9  train_L1=0.4581  val_RMSE_mean=0.6697  *  patience=0/15
epoch  10  train_L1=0.4554  val_RMSE_mean=0.6862     patience=1/15
epoch  11  train_L1=0.4525  val_RMSE_mean=0.6837     patience=2/15
epoch  12  train_L1=0.4494  val_RMSE_mean=0.6842     patience=3/15
epoch  13  train_L1=0.4442  val_RMSE_mean=0.6972     patience=4/15
epoch  14  train_L1=0.4401  val_RMSE_mean=0.7136     patience=5/15
epoch  15  train_L1=0.4330  val_RMSE_mean=0.6948     patience=6/15
epoch  16  train_L1=0.4288  val_RMSE_mean=0.7044     patience=7/15
epoch  17  train_L1=0.4258  val_RMSE_mean=0.7357     patience=8/15
epoch  18  train_L1=0.4221  val_RMSE_mean=0.7581     patience=9/15
epoch  19  train_L1=0.4172  val_RMSE_mean=0.7603     patience=10/15
epoch  20  train_L1=0.4167  val_RMSE_mean=0.7684     patience=11/15
epoch  21  train_L1=0.4134  val_RMSE_mean=0.7977     patience=12/15
epoch  22  train_L1=0.4112  val_RMSE_mean=0.7544     patience=13/15
epoch  23  train_L1=0.4107  val_RMSE_mean=0.7428     patience=14/15
epoch  24  train_L1=0.4084  val_RMSE_mean=0.7597     patience=15/15
early stop at epoch 24
training finished in 2375.6s, best val RMSE = 0.6697

[AGCRN] test set
lead(d)       1        7       14       30
rmse     0.2280   0.5782   0.7053   0.8011
mae      0.1637   0.4218   0.5209   0.5979
pearson  0.8653   0.1670  -0.0736  -0.0148
ssim     0.8556   0.4699   0.3398   0.2461

results under: /output/Graduate-Design/Temperature_predictor/experiments/agcrn
